<?xml version="1.0" encoding="UTF-8"?>
<testsuite name="Autorizador" tests="4" skipped="0" failures="0" errors="0" timestamp="2018-04-13T10:04:53" hostname="DESKTOP-MEMR6CA" time="0.577">
  <properties/>
  <testcase name="invertir una cadena de texto" classname="Autorizador" time="0.111"/>
  <testcase name="test someLibrary method" classname="Autorizador" time="0.01"/>
  <testcase name="retorna mismo valor" classname="Autorizador" time="0.06"/>
  <testcase name="echo trama xml" classname="Autorizador" time="0.395"/>
  <system-out><![CDATA[trama:Hola
trama:<Messages><TXN_FIN_REQ><TRACE value='Australia'/><MESSAGE_TYPE value='speed'/></TXN_FIN_REQ></Messages>
]]></system-out>
  <system-err><![CDATA[]]></system-err>
</testsuite>
