<?xml version="1.0" encoding="UTF-8"?>
<testsuite name="DatabaseDrivenSpec" tests="1" skipped="0" failures="0" errors="0" timestamp="2018-04-13T10:04:54" hostname="DESKTOP-MEMR6CA" time="0.033">
  <properties/>
  <testcase name="maximum of two numbers" classname="DatabaseDrivenSpec" time="0.033"/>
  <system-out><![CDATA[]]></system-out>
  <system-err><![CDATA[]]></system-err>
</testsuite>
